Using pre-set license
Built from '2021.3/staging' branch; Version is '2021.3.20f1 (577897200b8b) revision 5732503'; Using compiler version '192829333'; Build Type 'Release'
OS: 'Windows 10  (10.0.19043) 64bit Professional' Language: 'ko' Physical Memory: 32558 MB
BatchMode: 1, IsHumanControllingUs: 0, StartBugReporterOnCrash: 0, Is64bit: 1, IsPro: 1

COMMAND LINE ARGUMENTS:
C:\Program Files\Unity\Hub\Editor\2021.3.20f1\Editor\Unity.exe
-adb2
-batchMode
-noUpm
-name
AssetImportWorker0
-projectPath
C:/Users/102-34/Downloads/TPS_0306
-logFile
Logs/AssetImportWorker0.log
-srvPort
50138
Successfully changed project path to: C:/Users/102-34/Downloads/TPS_0306
C:/Users/102-34/Downloads/TPS_0306
[UnityMemory] Configuration Parameters - Can be set up in boot.config
    "memorysetup-bucket-allocator-granularity=16"
    "memorysetup-bucket-allocator-bucket-count=8"
    "memorysetup-bucket-allocator-block-size=33554432"
    "memorysetup-bucket-allocator-block-count=8"
    "memorysetup-main-allocator-block-size=16777216"
    "memorysetup-thread-allocator-block-size=16777216"
    "memorysetup-gfx-main-allocator-block-size=16777216"
    "memorysetup-gfx-thread-allocator-block-size=16777216"
    "memorysetup-cache-allocator-block-size=4194304"
    "memorysetup-typetree-allocator-block-size=2097152"
    "memorysetup-profiler-bucket-allocator-granularity=16"
    "memorysetup-profiler-bucket-allocator-bucket-count=8"
    "memorysetup-profiler-bucket-allocator-block-size=33554432"
    "memorysetup-profiler-bucket-allocator-block-count=8"
    "memorysetup-profiler-allocator-block-size=16777216"
    "memorysetup-profiler-editor-allocator-block-size=1048576"
    "memorysetup-temp-allocator-size-main=16777216"
    "memorysetup-job-temp-allocator-block-size=2097152"
    "memorysetup-job-temp-allocator-block-size-background=1048576"
    "memorysetup-job-temp-allocator-reduction-small-platforms=262144"
    "memorysetup-temp-allocator-size-background-worker=32768"
    "memorysetup-temp-allocator-size-job-worker=262144"
    "memorysetup-temp-allocator-size-preload-manager=33554432"
    "memorysetup-temp-allocator-size-nav-mesh-worker=65536"
    "memorysetup-temp-allocator-size-audio-worker=65536"
    "memorysetup-temp-allocator-size-cloud-worker=32768"
    "memorysetup-temp-allocator-size-gi-baking-worker=262144"
    "memorysetup-temp-allocator-size-gfx=262144"
Player connection [4236] Host "[IP] 192.168.15.222 [Port] 0 [Flags] 2 [Guid] 946856359 [EditorId] 946856359 [Version] 1048832 [Id] WindowsEditor(7,Ȑ102-34) [Debug] 1 [PackageName] WindowsEditor [ProjectName] Editor" joined multi-casting on [225.0.0.222:54997]...

Player connection [4236] Host "[IP] 192.168.15.222 [Port] 0 [Flags] 2 [Guid] 946856359 [EditorId] 946856359 [Version] 1048832 [Id] WindowsEditor(7,Ȑ102-34) [Debug] 1 [PackageName] WindowsEditor [ProjectName] Editor" joined alternative multi-casting on [225.0.0.222:34997]...

Refreshing native plugins compatible for Editor in 80.54 ms, found 3 plugins.
Preloading 0 native plugins for Editor in 0.00 ms.
Initialize engine version: 2021.3.20f1 (577897200b8b)
[Subsystems] Discovering subsystems at path C:/Program Files/Unity/Hub/Editor/2021.3.20f1/Editor/Data/Resources/UnitySubsystems
[Subsystems] Discovering subsystems at path C:/Users/102-34/Downloads/TPS_0306/Assets
GfxDevice: creating device client; threaded=0; jobified=0
Direct3D:
    Version:  Direct3D 11.0 [level 11.1]
    Renderer: NVIDIA GeForce RTX 2080 (ID=0x1e82)
    Vendor:   NVIDIA
    VRAM:     8002 MB
    Driver:   31.0.15.2698
Initialize mono
Mono path[0] = 'C:/Program Files/Unity/Hub/Editor/2021.3.20f1/Editor/Data/Managed'
Mono path[1] = 'C:/Program Files/Unity/Hub/Editor/2021.3.20f1/Editor/Data/MonoBleedingEdge/lib/mono/unityjit-win32'
Mono config path = 'C:/Program Files/Unity/Hub/Editor/2021.3.20f1/Editor/Data/MonoBleedingEdge/etc'
Using monoOptions --debugger-agent=transport=dt_socket,embedding=1,server=y,suspend=n,address=127.0.0.1:56416
Begin MonoManager ReloadAssembly
Registering precompiled unity dll's ...
Register platform support module: C:/Program Files/Unity/Hub/Editor/2021.3.20f1/Editor/Data/PlaybackEngines/AndroidPlayer/UnityEditor.Android.Extensions.dll
Register platform support module: C:/Program Files/Unity/Hub/Editor/2021.3.20f1/Editor/Data/PlaybackEngines/WindowsStandaloneSupport/UnityEditor.WindowsStandalone.Extensions.dll
Registered in 0.013904 seconds.
Native extension for WindowsStandalone target not found
Native extension for Android target not found
Android Extension - Scanning For ADB Devices 3931 ms
Refreshing native plugins compatible for Editor in 72.53 ms, found 3 plugins.
Preloading 0 native plugins for Editor in 0.00 ms.
Mono: successfully reloaded assembly
- Completed reload, in  4.542 seconds
Domain Reload Profiling:
	ReloadAssembly (4542ms)
		BeginReloadAssembly (94ms)
			ExecutionOrderSort (0ms)
			DisableScriptedObjects (0ms)
			BackupInstance (0ms)
			ReleaseScriptingObjects (0ms)
			CreateAndSetChildDomain (1ms)
		EndReloadAssembly (4344ms)
			LoadAssemblies (92ms)
			RebuildTransferFunctionScriptingTraits (0ms)
			SetupTypeCache (94ms)
			ReleaseScriptCaches (0ms)
			RebuildScriptCaches (25ms)
			SetupLoadedEditorAssemblies (4174ms)
				LogAssemblyErrors (0ms)
				InitializePlatformSupportModulesInManaged (3989ms)
				SetLoadedEditorAssemblies (0ms)
				RefreshPlugins (73ms)
				BeforeProcessingInitializeOnLoad (1ms)
				ProcessInitializeOnLoadAttributes (74ms)
				ProcessInitializeOnLoadMethodAttributes (37ms)
				AfterProcessingInitializeOnLoad (0ms)
				EditorAssembliesLoaded (0ms)
			ExecutionOrderSort2 (0ms)
			AwakeInstancesAfterBackupRestoration (0ms)
Platform modules already initialized, skipping
Registering precompiled user dll's ...
Registered in 0.007640 seconds.
Begin MonoManager ReloadAssembly
Symbol file LoadedFromMemory doesn't match image C:\Users\102-34\Downloads\TPS_0306\Library\PackageCache\com.unity.visualscripting@1.8.0\Editor\VisualScripting.Core\Dependencies\YamlDotNet\Unity.VisualScripting.YamlDotNet.dll
Symbol file LoadedFromMemory doesn't match image C:\Users\102-34\Downloads\TPS_0306\Library\PackageCache\com.unity.visualscripting@1.8.0\Editor\VisualScripting.Core\Dependencies\DotNetZip\Unity.VisualScripting.IonicZip.dll
Native extension for WindowsStandalone target not found
Native extension for Android target not found
Refreshing native plugins compatible for Editor in 0.50 ms, found 3 plugins.
Preloading 0 native plugins for Editor in 0.00 ms.
Mono: successfully reloaded assembly
- Completed reload, in  0.906 seconds
Domain Reload Profiling:
	ReloadAssembly (907ms)
		BeginReloadAssembly (115ms)
			ExecutionOrderSort (0ms)
			DisableScriptedObjects (5ms)
			BackupInstance (0ms)
			ReleaseScriptingObjects (0ms)
			CreateAndSetChildDomain (16ms)
		EndReloadAssembly (692ms)
			LoadAssemblies (97ms)
			RebuildTransferFunctionScriptingTraits (0ms)
			SetupTypeCache (223ms)
			ReleaseScriptCaches (1ms)
			RebuildScriptCaches (42ms)
			SetupLoadedEditorAssemblies (314ms)
				LogAssemblyErrors (0ms)
				InitializePlatformSupportModulesInManaged (18ms)
				SetLoadedEditorAssemblies (0ms)
				RefreshPlugins (1ms)
				BeforeProcessingInitializeOnLoad (85ms)
				ProcessInitializeOnLoadAttributes (181ms)
				ProcessInitializeOnLoadMethodAttributes (17ms)
				AfterProcessingInitializeOnLoad (12ms)
				EditorAssembliesLoaded (0ms)
			ExecutionOrderSort2 (0ms)
			AwakeInstancesAfterBackupRestoration (5ms)
Platform modules already initialized, skipping
========================================================================
Worker process is ready to serve import requests
Launched and connected shader compiler UnityShaderCompiler.exe after 0.03 seconds
Refreshing native plugins compatible for Editor in 0.64 ms, found 3 plugins.
Preloading 0 native plugins for Editor in 0.00 ms.
Unloading 3250 Unused Serialized files (Serialized files now loaded: 0)
Unloading 37 unused Assets / (1.3 MB). Loaded Objects now: 3714.
Memory consumption went from 126.5 MB to 125.2 MB.
Total: 2.836900 ms (FindLiveObjects: 0.226200 ms CreateObjectMapping: 0.119100 ms MarkObjects: 2.248300 ms  DeleteObjects: 0.242700 ms)

AssetImportParameters requested are different than current active one (requested -> active):
  custom:video-decoder-ogg-theora: a1e56fd34408186e4bbccfd4996cb3dc -> 
  custom:container-muxer-webm: aa71ff27fc2769a1b78a27578f13a17b -> 
  custom:container-demuxer-webm: 4f35f7cbe854078d1ac9338744f61a02 -> 
  custom:video-encoder-webm-vp8: eb34c28f22e8b96e1ab97ce403110664 -> 
  custom:audio-encoder-webm-vorbis: bf7c407c2cedff20999df2af8eb42d56 -> 
  custom:framework-win-MediaFoundation: 216162199b28c13a410421893ffa2e32 -> 
  custom:container-demuxer-ogg: 62fdf1f143b41e24485cea50d1cbac27 -> 
  custom:video-decoder-webm-vp8: 9c59270c3fd7afecdb556c50c9e8de78 -> 
  custom:audio-decoder-ogg-vorbis: bf7c407c2cedff20999df2af8eb42d56 -> 
========================================================================
Received Import Request.
  Time since last request: 1787.498968 seconds.
  path: Assets/TextMesh Pro/Fonts/NanumBrush.ttf
  artifactKey: Guid(a2cbe12e2b156ae4cb85790be1a035f0) Importer(815301076,1909f56bfc062723c751e8b465ee728b)
Start importing Assets/TextMesh Pro/Fonts/NanumBrush.ttf using Guid(a2cbe12e2b156ae4cb85790be1a035f0) Importer(815301076,1909f56bfc062723c751e8b465ee728b)  -> (artifact id: '98fbfa4d5971cf72f7637672296a643f') in 0.116308 seconds 
========================================================================
Received Import Request.
  Time since last request: 474.267246 seconds.
  path: Assets/TextMesh Pro/Fonts/NanumBrush SDF.asset
  artifactKey: Guid(0246975c38c38bc498bf825f0005e30e) Importer(815301076,1909f56bfc062723c751e8b465ee728b)
Start importing Assets/TextMesh Pro/Fonts/NanumBrush SDF.asset using Guid(0246975c38c38bc498bf825f0005e30e) Importer(815301076,1909f56bfc062723c751e8b465ee728b)  -> (artifact id: '4963933128eb8763a6b4a4bd056312ec') in 0.322844 seconds 
========================================================================
Received Import Request.
  Time since last request: 32.877269 seconds.
  path: Assets/TextMesh Pro/Fonts/LiberationSans.ttf
  artifactKey: Guid(e3265ab4bf004d28a9537516768c1c75) Importer(815301076,1909f56bfc062723c751e8b465ee728b)
Start importing Assets/TextMesh Pro/Fonts/LiberationSans.ttf using Guid(e3265ab4bf004d28a9537516768c1c75) Importer(815301076,1909f56bfc062723c751e8b465ee728b)  -> (artifact id: 'f3bd036785823e2281556a384dd6489b') in 0.021725 seconds 
========================================================================
Received Import Request.
  Time since last request: 1410.177252 seconds.
  path: Assets/04.Images/Menu (1)/Button - Trimmed.psd
  artifactKey: Guid(522f0b9508ec7c54aaf42647ef91b918) Importer(815301076,1909f56bfc062723c751e8b465ee728b)
Start importing Assets/04.Images/Menu (1)/Button - Trimmed.psd using Guid(522f0b9508ec7c54aaf42647ef91b918) Importer(815301076,1909f56bfc062723c751e8b465ee728b)  -> (artifact id: 'cf97714958fcff125bb6403cf3ba5112') in 0.040184 seconds 
========================================================================
Received Import Request.
  Time since last request: 2.064625 seconds.
  path: Assets/04.Images/Menu (1)/hpBar.png
  artifactKey: Guid(8a288b30f4372e14f915715c9dd475a0) Importer(815301076,1909f56bfc062723c751e8b465ee728b)
Start importing Assets/04.Images/Menu (1)/hpBar.png using Guid(8a288b30f4372e14f915715c9dd475a0) Importer(815301076,1909f56bfc062723c751e8b465ee728b)  -> (artifact id: '0ff9ae997672116ce5d37ea58ee0d475') in 0.031872 seconds 
========================================================================
Received Import Request.
  Time since last request: 8.221520 seconds.
  path: Assets/04.Images/Menu (1)/Button - Trimmed.psd
  artifactKey: Guid(522f0b9508ec7c54aaf42647ef91b918) Importer(815301076,1909f56bfc062723c751e8b465ee728b)
Start importing Assets/04.Images/Menu (1)/Button - Trimmed.psd using Guid(522f0b9508ec7c54aaf42647ef91b918) Importer(815301076,1909f56bfc062723c751e8b465ee728b)  -> (artifact id: 'd7a6202f1a8566ed076772ce305ef631') in 0.008437 seconds 
========================================================================
Received Import Request.
  Time since last request: 278.088138 seconds.
  path: Assets/04.Images/Menu (1)/hpBar.png
  artifactKey: Guid(8a288b30f4372e14f915715c9dd475a0) Importer(815301076,1909f56bfc062723c751e8b465ee728b)
Start importing Assets/04.Images/Menu (1)/hpBar.png using Guid(8a288b30f4372e14f915715c9dd475a0) Importer(815301076,1909f56bfc062723c751e8b465ee728b)  -> (artifact id: 'c5e543fe8a1cace0f01e7f03fc54e2cc') in 0.006698 seconds 
========================================================================
Received Import Request.
  Time since last request: 153.280533 seconds.
  path: ProjectSettings/TagManager.asset
  artifactKey: Guid(00000000000000003000000000000000) Importer(815301076,1909f56bfc062723c751e8b465ee728b)
Start importing ProjectSettings/TagManager.asset using Guid(00000000000000003000000000000000) Importer(815301076,1909f56bfc062723c751e8b465ee728b)  -> (artifact id: 'fde8c141c575b4716e09e0261dd02b03') in 0.003664 seconds 
========================================================================
Received Import Request.
  Time since last request: 102.798344 seconds.
  path: Assets/02.Scripts/MonsterCtrl.cs
  artifactKey: Guid(51451a04622475d4f85185119a32a650) Importer(815301076,1909f56bfc062723c751e8b465ee728b)
Start importing Assets/02.Scripts/MonsterCtrl.cs using Guid(51451a04622475d4f85185119a32a650) Importer(815301076,1909f56bfc062723c751e8b465ee728b)  -> (artifact id: 'ba2265b572488d188e96133207072bd9') in 0.010069 seconds 
========================================================================
Received Import Request.
  Time since last request: 2.855181 seconds.
  path: Assets/02.Scripts/PlayerCtrl.cs
  artifactKey: Guid(cf46ad9ae8bd0b242b37e3d3836c0d0e) Importer(815301076,1909f56bfc062723c751e8b465ee728b)
Start importing Assets/02.Scripts/PlayerCtrl.cs using Guid(cf46ad9ae8bd0b242b37e3d3836c0d0e) Importer(815301076,1909f56bfc062723c751e8b465ee728b)  -> (artifact id: 'dd64c4f31bb0bfb0e32b9bbaa72fa9c0') in 0.002287 seconds 
========================================================================
Received Import Request.
  Time since last request: 28.454365 seconds.
  path: Assets/02.Scripts/PlayerCtrl.cs
  artifactKey: Guid(cf46ad9ae8bd0b242b37e3d3836c0d0e) Importer(815301076,1909f56bfc062723c751e8b465ee728b)
Start importing Assets/02.Scripts/PlayerCtrl.cs using Guid(cf46ad9ae8bd0b242b37e3d3836c0d0e) Importer(815301076,1909f56bfc062723c751e8b465ee728b)  -> (artifact id: '49070ac6578eb6c7f45792a60a0f5008') in 0.002867 seconds 
========================================================================
Received Import Request.
  Time since last request: 9.595445 seconds.
  path: Assets/02.Scripts/PlayerCtrl.cs
  artifactKey: Guid(cf46ad9ae8bd0b242b37e3d3836c0d0e) Importer(815301076,1909f56bfc062723c751e8b465ee728b)
Start importing Assets/02.Scripts/PlayerCtrl.cs using Guid(cf46ad9ae8bd0b242b37e3d3836c0d0e) Importer(815301076,1909f56bfc062723c751e8b465ee728b)  -> (artifact id: '3038a1c34ea86a1c0be1a3b6b635d8fe') in 0.002328 seconds 
========================================================================
Received Import Request.
  Time since last request: 54.454028 seconds.
  path: Assets/02.Scripts/PlayerCtrl.cs
  artifactKey: Guid(cf46ad9ae8bd0b242b37e3d3836c0d0e) Importer(815301076,1909f56bfc062723c751e8b465ee728b)
Start importing Assets/02.Scripts/PlayerCtrl.cs using Guid(cf46ad9ae8bd0b242b37e3d3836c0d0e) Importer(815301076,1909f56bfc062723c751e8b465ee728b)  -> (artifact id: '408b19268ec6ec1e1c85921e4f8c759a') in 0.002274 seconds 
========================================================================
Received Import Request.
  Time since last request: 95.357549 seconds.
  path: Assets/02.Scripts/PlayerCtrl.cs
  artifactKey: Guid(cf46ad9ae8bd0b242b37e3d3836c0d0e) Importer(815301076,1909f56bfc062723c751e8b465ee728b)
Start importing Assets/02.Scripts/PlayerCtrl.cs using Guid(cf46ad9ae8bd0b242b37e3d3836c0d0e) Importer(815301076,1909f56bfc062723c751e8b465ee728b)  -> (artifact id: '4e92a21103f5c4dc81c00201c599d521') in 0.002476 seconds 
========================================================================
Received Import Request.
  Time since last request: 13.790071 seconds.
  path: Assets/02.Scripts/PlayerCtrl.cs
  artifactKey: Guid(cf46ad9ae8bd0b242b37e3d3836c0d0e) Importer(815301076,1909f56bfc062723c751e8b465ee728b)
Start importing Assets/02.Scripts/PlayerCtrl.cs using Guid(cf46ad9ae8bd0b242b37e3d3836c0d0e) Importer(815301076,1909f56bfc062723c751e8b465ee728b)  -> (artifact id: '1be0ad11e839e1fef52920a2c5e96763') in 0.002262 seconds 
========================================================================
Received Import Request.
  Time since last request: 2.616155 seconds.
  path: Assets/02.Scripts/PlayerCtrl.cs
  artifactKey: Guid(cf46ad9ae8bd0b242b37e3d3836c0d0e) Importer(815301076,1909f56bfc062723c751e8b465ee728b)
Start importing Assets/02.Scripts/PlayerCtrl.cs using Guid(cf46ad9ae8bd0b242b37e3d3836c0d0e) Importer(815301076,1909f56bfc062723c751e8b465ee728b)  -> (artifact id: 'a1bc88682d957afd6145d484961d368a') in 0.002273 seconds 
========================================================================
Received Import Request.
  Time since last request: 5.349486 seconds.
  path: Assets/02.Scripts/PlayerCtrl.cs
  artifactKey: Guid(cf46ad9ae8bd0b242b37e3d3836c0d0e) Importer(815301076,1909f56bfc062723c751e8b465ee728b)
Start importing Assets/02.Scripts/PlayerCtrl.cs using Guid(cf46ad9ae8bd0b242b37e3d3836c0d0e) Importer(815301076,1909f56bfc062723c751e8b465ee728b)  -> (artifact id: 'f672a56858d1918c0e231b861dea2422') in 0.002165 seconds 
========================================================================
Received Prepare
Registering precompiled user dll's ...
Registered in 0.006976 seconds.
Begin MonoManager ReloadAssembly
Symbol file LoadedFromMemory doesn't match image C:\Users\102-34\Downloads\TPS_0306\Library\PackageCache\com.unity.visualscripting@1.8.0\Editor\VisualScripting.Core\Dependencies\YamlDotNet\Unity.VisualScripting.YamlDotNet.dll
Symbol file LoadedFromMemory doesn't match image C:\Users\102-34\Downloads\TPS_0306\Library\PackageCache\com.unity.visualscripting@1.8.0\Editor\VisualScripting.Core\Dependencies\DotNetZip\Unity.VisualScripting.IonicZip.dll
Native extension for WindowsStandalone target not found
Native extension for Android target not found
Refreshing native plugins compatible for Editor in 0.50 ms, found 3 plugins.
Preloading 0 native plugins for Editor in 0.00 ms.
Mono: successfully reloaded assembly
- Completed reload, in  0.982 seconds
Domain Reload Profiling:
	ReloadAssembly (983ms)
		BeginReloadAssembly (158ms)
			ExecutionOrderSort (0ms)
			DisableScriptedObjects (8ms)
			BackupInstance (0ms)
			ReleaseScriptingObjects (0ms)
			CreateAndSetChildDomain (34ms)
		EndReloadAssembly (719ms)
			LoadAssemblies (106ms)
			RebuildTransferFunctionScriptingTraits (0ms)
			SetupTypeCache (244ms)
			ReleaseScriptCaches (1ms)
			RebuildScriptCaches (35ms)
			SetupLoadedEditorAssemblies (306ms)
				LogAssemblyErrors (0ms)
				InitializePlatformSupportModulesInManaged (19ms)
				SetLoadedEditorAssemblies (0ms)
				RefreshPlugins (1ms)
				BeforeProcessingInitializeOnLoad (70ms)
				ProcessInitializeOnLoadAttributes (184ms)
				ProcessInitializeOnLoadMethodAttributes (18ms)
				AfterProcessingInitializeOnLoad (14ms)
				EditorAssembliesLoaded (0ms)
			ExecutionOrderSort2 (0ms)
			AwakeInstancesAfterBackupRestoration (6ms)
Platform modules already initialized, skipping
Refreshing native plugins compatible for Editor in 2.15 ms, found 3 plugins.
Preloading 0 native plugins for Editor in 0.00 ms.
Unloading 3204 Unused Serialized files (Serialized files now loaded: 0)
Unloading 31 unused Assets / (1.3 MB). Loaded Objects now: 3767.
Memory consumption went from 126.8 MB to 125.5 MB.
Total: 2.826800 ms (FindLiveObjects: 0.237000 ms CreateObjectMapping: 0.132400 ms MarkObjects: 2.200900 ms  DeleteObjects: 0.255600 ms)

AssetImportParameters requested are different than current active one (requested -> active):
  custom:video-decoder-ogg-theora: a1e56fd34408186e4bbccfd4996cb3dc -> 
  custom:container-muxer-webm: aa71ff27fc2769a1b78a27578f13a17b -> 
  custom:container-demuxer-webm: 4f35f7cbe854078d1ac9338744f61a02 -> 
  custom:video-encoder-webm-vp8: eb34c28f22e8b96e1ab97ce403110664 -> 
  custom:audio-encoder-webm-vorbis: bf7c407c2cedff20999df2af8eb42d56 -> 
  custom:framework-win-MediaFoundation: 216162199b28c13a410421893ffa2e32 -> 
  custom:container-demuxer-ogg: 62fdf1f143b41e24485cea50d1cbac27 -> 
  custom:video-decoder-webm-vp8: 9c59270c3fd7afecdb556c50c9e8de78 -> 
  custom:audio-decoder-ogg-vorbis: bf7c407c2cedff20999df2af8eb42d56 -> 
========================================================================
Received Prepare
Registering precompiled user dll's ...
Registered in 0.008115 seconds.
Begin MonoManager ReloadAssembly
Symbol file LoadedFromMemory doesn't match image C:\Users\102-34\Downloads\TPS_0306\Library\PackageCache\com.unity.visualscripting@1.8.0\Editor\VisualScripting.Core\Dependencies\YamlDotNet\Unity.VisualScripting.YamlDotNet.dll
Symbol file LoadedFromMemory doesn't match image C:\Users\102-34\Downloads\TPS_0306\Library\PackageCache\com.unity.visualscripting@1.8.0\Editor\VisualScripting.Core\Dependencies\DotNetZip\Unity.VisualScripting.IonicZip.dll
Native extension for WindowsStandalone target not found
Native extension for Android target not found
Refreshing native plugins compatible for Editor in 0.52 ms, found 3 plugins.
Preloading 0 native plugins for Editor in 0.00 ms.
Mono: successfully reloaded assembly
- Completed reload, in  0.999 seconds
Domain Reload Profiling:
	ReloadAssembly (1000ms)
		BeginReloadAssembly (156ms)
			ExecutionOrderSort (0ms)
			DisableScriptedObjects (5ms)
			BackupInstance (0ms)
			ReleaseScriptingObjects (0ms)
			CreateAndSetChildDomain (30ms)
		EndReloadAssembly (740ms)
			LoadAssemblies (114ms)
			RebuildTransferFunctionScriptingTraits (0ms)
			SetupTypeCache (262ms)
			ReleaseScriptCaches (1ms)
			RebuildScriptCaches (37ms)
			SetupLoadedEditorAssemblies (307ms)
				LogAssemblyErrors (0ms)
				InitializePlatformSupportModulesInManaged (20ms)
				SetLoadedEditorAssemblies (0ms)
				RefreshPlugins (1ms)
				BeforeProcessingInitializeOnLoad (73ms)
				ProcessInitializeOnLoadAttributes (180ms)
				ProcessInitializeOnLoadMethodAttributes (18ms)
				AfterProcessingInitializeOnLoad (15ms)
				EditorAssembliesLoaded (0ms)
			ExecutionOrderSort2 (0ms)
			AwakeInstancesAfterBackupRestoration (7ms)
Platform modules already initialized, skipping
Refreshing native plugins compatible for Editor in 1.91 ms, found 3 plugins.
Preloading 0 native plugins for Editor in 0.00 ms.
Unloading 3204 Unused Serialized files (Serialized files now loaded: 0)
Unloading 30 unused Assets / (1.3 MB). Loaded Objects now: 3770.
Memory consumption went from 126.8 MB to 125.5 MB.
Total: 2.812000 ms (FindLiveObjects: 0.249700 ms CreateObjectMapping: 0.162800 ms MarkObjects: 2.154500 ms  DeleteObjects: 0.244000 ms)

AssetImportParameters requested are different than current active one (requested -> active):
  custom:video-decoder-ogg-theora: a1e56fd34408186e4bbccfd4996cb3dc -> 
  custom:container-muxer-webm: aa71ff27fc2769a1b78a27578f13a17b -> 
  custom:container-demuxer-webm: 4f35f7cbe854078d1ac9338744f61a02 -> 
  custom:video-encoder-webm-vp8: eb34c28f22e8b96e1ab97ce403110664 -> 
  custom:audio-encoder-webm-vorbis: bf7c407c2cedff20999df2af8eb42d56 -> 
  custom:framework-win-MediaFoundation: 216162199b28c13a410421893ffa2e32 -> 
  custom:container-demuxer-ogg: 62fdf1f143b41e24485cea50d1cbac27 -> 
  custom:video-decoder-webm-vp8: 9c59270c3fd7afecdb556c50c9e8de78 -> 
  custom:audio-decoder-ogg-vorbis: bf7c407c2cedff20999df2af8eb42d56 -> 
